[2026-04-12T16:24:20.189Z] ERROR: Unhandled error occurred {"errorId":"4fypcu2x4kpl56rrrkrfva","method":"GET","url":"/api/users/profile","userId":null,"userAgent":"Mozilla/5.0 (X11; Linux x86_64; rv:148.0) Gecko/20100101 Firefox/148.0","error":{"name":"Error","message":"Invalid or expired token"}}
[2026-04-12T16:24:20.191Z] WARN: Operational error {"errorId":"4fypcu2x4kpl56rrrkrfva","code":"INVALID_TOKEN","message":"Invalid or expired token"}
[2026-04-12T16:25:02.675Z] ERROR: Unhandled error occurred {"errorId":"0qgjsc0h4voki7df6vswuvs","method":"GET","url":"/api/users/profile","userId":null,"userAgent":"Mozilla/5.0 (X11; Linux x86_64; rv:148.0) Gecko/20100101 Firefox/148.0","error":{"name":"Error","message":"Invalid or expired token"}}
[2026-04-12T16:25:02.676Z] WARN: Operational error {"errorId":"0qgjsc0h4voki7df6vswuvs","code":"INVALID_TOKEN","message":"Invalid or expired token"}
[2026-04-12T16:25:18.467Z] ERROR: Unhandled error occurred {"errorId":"0jwlehbd9r7dl0alpruw158","method":"GET","url":"/api/users/profile","userId":null,"userAgent":"Mozilla/5.0 (X11; Linux x86_64; rv:148.0) Gecko/20100101 Firefox/148.0","error":{"name":"Error","message":"Invalid or expired token"}}
[2026-04-12T16:25:18.467Z] WARN: Operational error {"errorId":"0jwlehbd9r7dl0alpruw158","code":"INVALID_TOKEN","message":"Invalid or expired token"}
[2026-04-12T16:25:22.308Z] ERROR: Unhandled error occurred {"errorId":"7zeafkg9b8dlf15hc147c8","method":"GET","url":"/api/users/profile","userId":null,"userAgent":"Mozilla/5.0 (X11; Linux x86_64; rv:148.0) Gecko/20100101 Firefox/148.0","error":{"name":"Error","message":"Invalid or expired token"}}
[2026-04-12T16:25:22.309Z] WARN: Operational error {"errorId":"7zeafkg9b8dlf15hc147c8","code":"INVALID_TOKEN","message":"Invalid or expired token"}
[2026-04-12T16:29:04.726Z] ERROR: Unhandled error occurred {"errorId":"abq5cg0eemg4hp0bcm8qyj","method":"GET","url":"/api/users/profile","userId":null,"userAgent":"Mozilla/5.0 (X11; Linux x86_64; rv:148.0) Gecko/20100101 Firefox/148.0","error":{"name":"Error","message":"Invalid or expired token"}}
[2026-04-12T16:29:04.726Z] WARN: Operational error {"errorId":"abq5cg0eemg4hp0bcm8qyj","code":"INVALID_TOKEN","message":"Invalid or expired token"}
[2026-04-14T09:48:05.316Z] ERROR: Unhandled error occurred {"errorId":"99mwbqwowtrct24g74ti4q","method":"GET","url":"/api/users/profile","userId":null,"userAgent":"Mozilla/5.0 (X11; Linux x86_64; rv:148.0) Gecko/20100101 Firefox/148.0","error":{"name":"Error","message":"Invalid or expired token"}}
[2026-04-14T09:48:05.318Z] WARN: Operational error {"errorId":"99mwbqwowtrct24g74ti4q","code":"INVALID_TOKEN","message":"Invalid or expired token"}
[2026-04-14T11:13:00.985Z] ERROR: Unhandled error occurred {"errorId":"ex0oap3izquwu70eh3vut","method":"GET","url":"/api/users/profile","userId":null,"userAgent":"Mozilla/5.0 (X11; Linux x86_64; rv:148.0) Gecko/20100101 Firefox/148.0","error":{"name":"Error","message":"Invalid or expired token"}}
[2026-04-14T11:13:00.986Z] WARN: Operational error {"errorId":"ex0oap3izquwu70eh3vut","code":"INVALID_TOKEN","message":"Invalid or expired token"}
[2026-04-16T09:31:45.286Z] ERROR: Unhandled error occurred {"errorId":"lr11n6arhffa42n3q492p","method":"GET","url":"/api/users/profile","userId":null,"userAgent":"Mozilla/5.0 (X11; Linux x86_64; rv:148.0) Gecko/20100101 Firefox/148.0","error":{"name":"Error","message":"Invalid or expired token"}}
[2026-04-16T09:31:45.287Z] WARN: Operational error {"errorId":"lr11n6arhffa42n3q492p","code":"INVALID_TOKEN","message":"Invalid or expired token"}
[2026-04-16T09:56:06.292Z] ERROR: Unhandled error occurred {"errorId":"w9r33u8q3tpb8368foilyc","method":"GET","url":"/api/users/profile","userId":null,"userAgent":"Mozilla/5.0 (X11; Linux x86_64; rv:148.0) Gecko/20100101 Firefox/148.0","error":{"name":"Error","message":"Invalid or expired token"}}
[2026-04-16T09:56:06.294Z] WARN: Operational error {"errorId":"w9r33u8q3tpb8368foilyc","code":"INVALID_TOKEN","message":"Invalid or expired token"}
[2026-04-16T09:56:18.245Z] ERROR: Unhandled error occurred {"errorId":"xwkx12d17a3xc34g0uh9m","method":"GET","url":"/api/users/profile","userId":null,"userAgent":"Mozilla/5.0 (X11; Linux x86_64; rv:148.0) Gecko/20100101 Firefox/148.0","error":{"name":"Error","message":"Invalid or expired token"}}
[2026-04-16T09:56:18.246Z] WARN: Operational error {"errorId":"xwkx12d17a3xc34g0uh9m","code":"INVALID_TOKEN","message":"Invalid or expired token"}
[2026-04-16T09:56:45.663Z] ERROR: Unhandled error occurred {"errorId":"1bz1auuwdtbe3mnpj2k6g8","method":"GET","url":"/api/users/profile","userId":null,"userAgent":"Mozilla/5.0 (X11; Linux x86_64; rv:148.0) Gecko/20100101 Firefox/148.0","error":{"name":"Error","message":"Invalid or expired token"}}
[2026-04-16T09:56:45.663Z] WARN: Operational error {"errorId":"1bz1auuwdtbe3mnpj2k6g8","code":"INVALID_TOKEN","message":"Invalid or expired token"}
[2026-04-16T09:56:55.968Z] ERROR: Unhandled error occurred {"errorId":"7mky19jb5eevayalwwthx","method":"GET","url":"/api/users/profile","userId":null,"userAgent":"Mozilla/5.0 (X11; Linux x86_64; rv:148.0) Gecko/20100101 Firefox/148.0","error":{"name":"Error","message":"Invalid or expired token"}}
[2026-04-16T09:56:55.968Z] WARN: Operational error {"errorId":"7mky19jb5eevayalwwthx","code":"INVALID_TOKEN","message":"Invalid or expired token"}
[2026-04-16T09:57:28.198Z] ERROR: Unhandled error occurred {"errorId":"sdr15ccrbflwa39nfdgs4","method":"GET","url":"/api/users/profile","userId":null,"userAgent":"Mozilla/5.0 (X11; Linux x86_64; rv:148.0) Gecko/20100101 Firefox/148.0","error":{"name":"Error","message":"Invalid or expired token"}}
[2026-04-16T09:57:28.199Z] WARN: Operational error {"errorId":"sdr15ccrbflwa39nfdgs4","code":"INVALID_TOKEN","message":"Invalid or expired token"}
[2026-04-16T09:58:04.265Z] ERROR: Unhandled error occurred {"errorId":"912z9mk99abgf1ubin1kfi","method":"GET","url":"/api/users/profile","userId":null,"userAgent":"Mozilla/5.0 (X11; Linux x86_64; rv:148.0) Gecko/20100101 Firefox/148.0","error":{"name":"Error","message":"Invalid or expired token"}}
[2026-04-16T09:58:04.267Z] WARN: Operational error {"errorId":"912z9mk99abgf1ubin1kfi","code":"INVALID_TOKEN","message":"Invalid or expired token"}
[2026-04-16T09:58:24.307Z] ERROR: Unhandled error occurred {"errorId":"tf974fvkbosxb5pwgmem3","method":"GET","url":"/api/users/profile","userId":null,"userAgent":"Mozilla/5.0 (X11; Linux x86_64; rv:148.0) Gecko/20100101 Firefox/148.0","error":{"name":"Error","message":"Invalid or expired token"}}
[2026-04-16T09:58:24.307Z] WARN: Operational error {"errorId":"tf974fvkbosxb5pwgmem3","code":"INVALID_TOKEN","message":"Invalid or expired token"}
[2026-04-16T10:15:05.015Z] ERROR: Unhandled error occurred {"errorId":"ujzv2obpmvqxlnkrass81h","method":"GET","url":"/api/users/profile","userId":null,"userAgent":"Mozilla/5.0 (X11; Linux x86_64; rv:148.0) Gecko/20100101 Firefox/148.0","error":{"name":"Error","message":"Invalid or expired token"}}
[2026-04-16T10:15:05.016Z] WARN: Operational error {"errorId":"ujzv2obpmvqxlnkrass81h","code":"INVALID_TOKEN","message":"Invalid or expired token"}
[2026-04-16T10:15:49.470Z] ERROR: Unhandled error occurred {"errorId":"lz8o434evejqertqoka5b","method":"GET","url":"/api/events/recommended","userId":null,"userAgent":"Mozilla/5.0 (X11; Linux x86_64; rv:148.0) Gecko/20100101 Firefox/148.0","error":{"name":"Error","message":"Event not found"}}
[2026-04-16T10:15:49.471Z] WARN: Operational error {"errorId":"lz8o434evejqertqoka5b","code":"EVENT_NOT_FOUND","message":"Event not found"}
[2026-04-16T10:15:56.205Z] ERROR: Unhandled error occurred {"errorId":"ycauijgh66k2knfb9sjjt","method":"GET","url":"/api/events/recommended","userId":null,"userAgent":"Mozilla/5.0 (X11; Linux x86_64; rv:148.0) Gecko/20100101 Firefox/148.0","error":{"name":"Error","message":"Event not found"}}
[2026-04-16T10:15:56.205Z] WARN: Operational error {"errorId":"ycauijgh66k2knfb9sjjt","code":"EVENT_NOT_FOUND","message":"Event not found"}
[2026-04-16T10:17:40.774Z] ERROR: Unhandled error occurred {"errorId":"uy30j7dv88diijae94d9o","method":"GET","url":"/api/bookings/event/16f5240f-7dd1-4bc3-accf-fca490da0085/status","userId":null,"userAgent":"curl/8.5.0","error":{"name":"Error","message":"Invalid or expired token"}}
[2026-04-16T10:17:40.774Z] WARN: Operational error {"errorId":"uy30j7dv88diijae94d9o","code":"INVALID_TOKEN","message":"Invalid or expired token"}
[2026-04-16T10:17:55.065Z] ERROR: Unhandled error occurred {"errorId":"aeizg6foz7bqidhomrm3v","method":"GET","url":"/api/events/recommended","userId":null,"userAgent":"Mozilla/5.0 (X11; Linux x86_64; rv:148.0) Gecko/20100101 Firefox/148.0","error":{"name":"Error","message":"Event not found"}}
[2026-04-16T10:17:55.068Z] WARN: Operational error {"errorId":"aeizg6foz7bqidhomrm3v","code":"EVENT_NOT_FOUND","message":"Event not found"}
[2026-04-16T10:18:04.092Z] ERROR: Unhandled error occurred {"errorId":"sej6fhq08fnjrs265tal","method":"GET","url":"/api/users/profile","userId":null,"userAgent":"Mozilla/5.0 (X11; Linux x86_64; rv:148.0) Gecko/20100101 Firefox/148.0","error":{"name":"Error","message":"Invalid or expired token"}}
[2026-04-16T10:18:04.092Z] WARN: Operational error {"errorId":"sej6fhq08fnjrs265tal","code":"INVALID_TOKEN","message":"Invalid or expired token"}
[2026-04-16T10:18:32.865Z] ERROR: Unhandled error occurred {"errorId":"57xhynazffrhn2npde1bub","method":"GET","url":"/api/users/profile","userId":null,"userAgent":"Mozilla/5.0 (X11; Linux x86_64; rv:148.0) Gecko/20100101 Firefox/148.0","error":{"name":"Error","message":"Invalid or expired token"}}
[2026-04-16T10:18:32.866Z] WARN: Operational error {"errorId":"57xhynazffrhn2npde1bub","code":"INVALID_TOKEN","message":"Invalid or expired token"}
